This is pdfTeX, Version 3.14159265-2.6-1.40.19 (TeX Live 2018) (preloaded format=pdflatex 2018.9.1)  10 JAN 2021 23:32
entering extended mode
 restricted \write18 enabled.
 file:line:error style messages enabled.
 %&-line parsing enabled.
**"/Users/sarabizjak/Documents/IŠRM magistrski/Obdelava biomedicinskih signalov in slik/OBSS/Project 3/Porocilo_SaraBizjak_projekt3.tex"
(/Users/sarabizjak/Documents/IŠRM magistrski/Obdelava biomedicinskih signalov in slik/OBSS/Project 3/Porocilo_SaraBizjak_projekt3.tex
LaTeX2e <2018-04-01> patch level 2
Babel <3.18> and hyphenation patterns for 84 language(s) loaded.
(/usr/local/texlive/2018/texmf-dist/tex/latex/base/article.cls
Document Class: article 2014/09/29 v1.4h Standard LaTeX document class
(/usr/local/texlive/2018/texmf-dist/tex/latex/base/size11.clo
File: size11.clo 2014/09/29 v1.4h Standard LaTeX file (size option)
)
\c@part=\count80
\c@section=\count81
\c@subsection=\count82
\c@subsubsection=\count83
\c@paragraph=\count84
\c@subparagraph=\count85
\c@figure=\count86
\c@table=\count87
\abovecaptionskip=\skip41
\belowcaptionskip=\skip42
\bibindent=\dimen102
) (/usr/local/texlive/2018/texmf-dist/tex/latex/a4wide/a4wide.sty
Package: a4wide 1994/08/30
 (/usr/local/texlive/2018/texmf-dist/tex/latex/ntgclass/a4.sty
Package: a4 2004/04/15 v1.2g A4 based page layout
)) (/usr/local/texlive/2018/texmf-dist/tex/latex/preprint/fullpage.sty
Package: fullpage 1999/02/23 1.1 (PWD)
\FP@margin=\skip43
) (/usr/local/texlive/2018/texmf-dist/tex/latex/base/inputenc.sty
Package: inputenc 2018/04/06 v1.3b Input encoding file
\inpenc@prehook=\toks14
\inpenc@posthook=\toks15
 (/usr/local/texlive/2018/texmf-dist/tex/latex/ucs/utf8x.def
File: utf8x.def 2004/10/17 UCS: Input encoding UTF-8
)) (/usr/local/texlive/2018/texmf-dist/tex/latex/ucs/ucs.sty
Package: ucs 2013/05/11 v2.2 UCS: Unicode input support
 (/usr/local/texlive/2018/texmf-dist/tex/latex/ucs/data/uni-global.def
File: uni-global.def 2013/05/13 UCS: Unicode global data
)
\uc@secondtry=\count88
\uc@combtoks=\toks16
\uc@combtoksb=\toks17
\uc@temptokena=\toks18
) (/usr/local/texlive/2018/texmf-dist/tex/latex/antt/anttor.sty
Package: anttor 2005/10/03 v.1.2 anttor (Antykwa Torunska) package (MW)
\c@mv@antt=\count89
\c@mv@anttbold=\count90
LaTeX Font Info:    Overwriting symbol font `operators' in version `antt'
(Font)                  OT1/cmr/m/n --> OT1/anttlm/m/n on input line 66.
LaTeX Font Info:    Overwriting symbol font `letters' in version `antt'
(Font)                  OML/cmm/m/it --> OML/anttl/m/it on input line 67.
LaTeX Font Info:    Overwriting symbol font `symbols' in version `antt'
(Font)                  OMS/cmsy/m/n --> OMS/anttl/m/n on input line 68.
LaTeX Font Info:    Overwriting symbol font `largesymbols' in version `antt'
(Font)                  OMX/cmex/m/n --> OMX/anttl/m/n on input line 69.
LaTeX Font Info:    Overwriting symbol font `operators' in version `anttbold'
(Font)                  OT1/cmr/m/n --> OT1/anttlm/b/n on input line 70.
LaTeX Font Info:    Overwriting symbol font `letters' in version `anttbold'
(Font)                  OML/cmm/m/it --> OML/anttl/b/it on input line 71.
LaTeX Font Info:    Overwriting symbol font `symbols' in version `anttbold'
(Font)                  OMS/cmsy/m/n --> OMS/anttl/b/n on input line 72.
LaTeX Font Info:    Overwriting symbol font `largesymbols' in version `anttbold'
(Font)                  OMX/cmex/m/n --> OMX/anttl/b/n on input line 73.
LaTeX Font Info:    Overwriting math alphabet `\mathbf' in version `antt'
(Font)                  OT1/cmr/bx/n --> OT1/anttl/bx/n on input line 75.
LaTeX Font Info:    Overwriting math alphabet `\mathsf' in version `antt'
(Font)                  OT1/cmss/m/n --> OT1/anttl/m/n on input line 76.
LaTeX Font Info:    Overwriting math alphabet `\mathit' in version `antt'
(Font)                  OT1/cmr/m/it --> OT1/anttl/m/it on input line 77.
LaTeX Font Info:    Overwriting math alphabet `\mathtt' in version `antt'
(Font)                  OT1/cmtt/m/n --> OT1/anttl/m/n on input line 78.
LaTeX Font Info:    Overwriting math alphabet `\mathsf' in version `anttbold'
(Font)                  OT1/cmss/m/n --> OT1/anttl/bx/n on input line 79.
LaTeX Font Info:    Overwriting math alphabet `\mathit' in version `anttbold'
(Font)                  OT1/cmr/m/it --> OT1/anttl/bx/it on input line 80.
LaTeX Font Info:    Redeclaring math symbol \Rightarrow on input line 95.
LaTeX Font Info:    Redeclaring math symbol \rightarrow on input line 100.
LaTeX Font Info:    Redeclaring math symbol \leftarrow on input line 101.
) (/usr/local/texlive/2018/texmf-dist/tex/latex/base/fontenc.sty
Package: fontenc 2017/04/05 v2.0i Standard LaTeX package
 (/usr/local/texlive/2018/texmf-dist/tex/latex/base/t1enc.def
File: t1enc.def 2017/04/05 v2.0i Standard LaTeX file
LaTeX Font Info:    Redeclaring font encoding T1 on input line 48.
)
LaTeX Font Info:    Try loading font information for T1+anttl on input line 105.
 (/usr/local/texlive/2018/texmf-dist/tex/latex/antt/t1anttl.fd
File: t1anttl.fd 2005/10/05 v1.2 font definition file for T1/anttl (MW)
)) (/usr/local/texlive/2018/texmf-dist/tex/latex/appendix/appendix.sty
Package: appendix 2009/09/02 v1.2b extra appendix facilities
\c@@pps=\count91
\c@@ppsavesec=\count92
\c@@ppsaveapp=\count93
) (/usr/local/texlive/2018/texmf-dist/tex/latex/graphics/graphicx.sty
Package: graphicx 2017/06/01 v1.1a Enhanced LaTeX Graphics (DPC,SPQR)
 (/usr/local/texlive/2018/texmf-dist/tex/latex/graphics/keyval.sty
Package: keyval 2014/10/28 v1.15 key=value parser (DPC)
\KV@toks@=\toks19
) (/usr/local/texlive/2018/texmf-dist/tex/latex/graphics/graphics.sty
Package: graphics 2017/06/25 v1.2c Standard LaTeX Graphics (DPC,SPQR)
 (/usr/local/texlive/2018/texmf-dist/tex/latex/graphics/trig.sty
Package: trig 2016/01/03 v1.10 sin cos tan (DPC)
) (/usr/local/texlive/2018/texmf-dist/tex/latex/graphics-cfg/graphics.cfg
File: graphics.cfg 2016/06/04 v1.11 sample graphics configuration
)
Package graphics Info: Driver file: pdftex.def on input line 99.
 (/usr/local/texlive/2018/texmf-dist/tex/latex/graphics-def/pdftex.def
File: pdftex.def 2018/01/08 v1.0l Graphics/color driver for pdftex
))
\Gin@req@height=\dimen103
\Gin@req@width=\dimen104
) (/usr/local/texlive/2018/texmf-dist/tex/latex/lm/lmodern.sty
Package: lmodern 2009/10/30 v1.6 Latin Modern Fonts
LaTeX Font Info:    Overwriting symbol font `operators' in version `normal'
(Font)                  OT1/anttlm/m/n --> OT1/lmr/m/n on input line 22.
LaTeX Font Info:    Overwriting symbol font `letters' in version `normal'
(Font)                  OML/anttl/m/it --> OML/lmm/m/it on input line 23.
LaTeX Font Info:    Overwriting symbol font `symbols' in version `normal'
(Font)                  OMS/anttl/m/n --> OMS/lmsy/m/n on input line 24.
LaTeX Font Info:    Overwriting symbol font `largesymbols' in version `normal'
(Font)                  OMX/anttl/m/n --> OMX/lmex/m/n on input line 25.
LaTeX Font Info:    Overwriting symbol font `operators' in version `bold'
(Font)                  OT1/anttlm/b/n --> OT1/lmr/bx/n on input line 26.
LaTeX Font Info:    Overwriting symbol font `letters' in version `bold'
(Font)                  OML/anttl/b/it --> OML/lmm/b/it on input line 27.
LaTeX Font Info:    Overwriting symbol font `symbols' in version `bold'
(Font)                  OMS/anttl/b/n --> OMS/lmsy/b/n on input line 28.
LaTeX Font Info:    Overwriting symbol font `largesymbols' in version `bold'
(Font)                  OMX/anttl/b/n --> OMX/lmex/m/n on input line 29.
LaTeX Font Info:    Overwriting math alphabet `\mathbf' in version `normal'
(Font)                  OT1/anttl/bx/n --> OT1/lmr/bx/n on input line 31.
LaTeX Font Info:    Overwriting math alphabet `\mathsf' in version `normal'
(Font)                  OT1/anttl/m/n --> OT1/lmss/m/n on input line 32.
LaTeX Font Info:    Overwriting math alphabet `\mathit' in version `normal'
(Font)                  OT1/anttl/m/it --> OT1/lmr/m/it on input line 33.
LaTeX Font Info:    Overwriting math alphabet `\mathtt' in version `normal'
(Font)                  OT1/anttl/m/n --> OT1/lmtt/m/n on input line 34.
LaTeX Font Info:    Overwriting math alphabet `\mathbf' in version `bold'
(Font)                  OT1/cmr/bx/n --> OT1/lmr/bx/n on input line 35.
LaTeX Font Info:    Overwriting math alphabet `\mathsf' in version `bold'
(Font)                  OT1/anttl/bx/n --> OT1/lmss/bx/n on input line 36.
LaTeX Font Info:    Overwriting math alphabet `\mathit' in version `bold'
(Font)                  OT1/anttl/bx/it --> OT1/lmr/bx/it on input line 37.
LaTeX Font Info:    Overwriting math alphabet `\mathtt' in version `bold'
(Font)                  OT1/cmtt/m/n --> OT1/lmtt/m/n on input line 38.
) (/usr/local/texlive/2018/texmf-dist/tex/latex/amsmath/amsmath.sty
Package: amsmath 2017/09/02 v2.17a AMS math features
\@mathmargin=\skip44

For additional information on amsmath, use the `?' option.
(/usr/local/texlive/2018/texmf-dist/tex/latex/amsmath/amstext.sty
Package: amstext 2000/06/29 v2.01 AMS text
 (/usr/local/texlive/2018/texmf-dist/tex/latex/amsmath/amsgen.sty
File: amsgen.sty 1999/11/30 v2.0 generic functions
\@emptytoks=\toks20
\ex@=\dimen105
)) (/usr/local/texlive/2018/texmf-dist/tex/latex/amsmath/amsbsy.sty
Package: amsbsy 1999/11/29 v1.2d Bold Symbols
\pmbraise@=\dimen106
) (/usr/local/texlive/2018/texmf-dist/tex/latex/amsmath/amsopn.sty
Package: amsopn 2016/03/08 v2.02 operator names
)
\inf@bad=\count94
LaTeX Info: Redefining \frac on input line 213.
\uproot@=\count95
\leftroot@=\count96
LaTeX Info: Redefining \overline on input line 375.
\classnum@=\count97
\DOTSCASE@=\count98
LaTeX Info: Redefining \ldots on input line 472.
LaTeX Info: Redefining \dots on input line 475.
LaTeX Info: Redefining \cdots on input line 596.
\Mathstrutbox@=\box26
\strutbox@=\box27
\big@size=\dimen107
LaTeX Font Info:    Redeclaring font encoding OML on input line 712.
LaTeX Font Info:    Redeclaring font encoding OMS on input line 713.
\macc@depth=\count99
\c@MaxMatrixCols=\count100
\dotsspace@=\muskip10
\c@parentequation=\count101
\dspbrk@lvl=\count102
\tag@help=\toks21
\row@=\count103
\column@=\count104
\maxfields@=\count105
\andhelp@=\toks22
\eqnshift@=\dimen108
\alignsep@=\dimen109
\tagshift@=\dimen110
\tagwidth@=\dimen111
\totwidth@=\dimen112
\lineht@=\dimen113
\@envbody=\toks23
\multlinegap=\skip45
\multlinetaggap=\skip46
\mathdisplay@stack=\toks24
LaTeX Info: Redefining \[ on input line 2817.
LaTeX Info: Redefining \] on input line 2818.
) (/usr/local/texlive/2018/texmf-dist/tex/latex/amsfonts/amssymb.sty
Package: amssymb 2013/01/14 v3.01 AMS font symbols
 (/usr/local/texlive/2018/texmf-dist/tex/latex/amsfonts/amsfonts.sty
Package: amsfonts 2013/01/14 v3.01 Basic AMSFonts support
\symAMSa=\mathgroup4
\symAMSb=\mathgroup5
LaTeX Font Info:    Overwriting math alphabet `\mathfrak' in version `bold'
(Font)                  U/euf/m/n --> U/euf/b/n on input line 106.
)) (/usr/local/texlive/2018/texmf-dist/tex/latex/amscls/amsthm.sty
Package: amsthm 2017/10/31 v2.20.4
\thm@style=\toks25
\thm@bodyfont=\toks26
\thm@headfont=\toks27
\thm@notefont=\toks28
\thm@headpunct=\toks29
\thm@preskip=\skip47
\thm@postskip=\skip48
\thm@headsep=\skip49
\dth@everypar=\toks30
) (/usr/local/texlive/2018/texmf-dist/tex/latex/mathtools/mathtools.sty
Package: mathtools 2018/01/08 v1.21 mathematical typesetting tools
 (/usr/local/texlive/2018/texmf-dist/tex/latex/tools/calc.sty
Package: calc 2017/05/25 v4.3 Infix arithmetic (KKT,FJ)
\calc@Acount=\count106
\calc@Bcount=\count107
\calc@Adimen=\dimen114
\calc@Bdimen=\dimen115
\calc@Askip=\skip50
\calc@Bskip=\skip51
LaTeX Info: Redefining \setlength on input line 80.
LaTeX Info: Redefining \addtolength on input line 81.
\calc@Ccount=\count108
\calc@Cskip=\skip52
) (/usr/local/texlive/2018/texmf-dist/tex/latex/mathtools/mhsetup.sty
Package: mhsetup 2017/03/31 v1.3 programming setup (MH)
)
LaTeX Info: Thecontrolsequence`\('isalreadyrobust on input line 129.
LaTeX Info: Thecontrolsequence`\)'isalreadyrobust on input line 129.
LaTeX Info: Thecontrolsequence`\['isalreadyrobust on input line 129.
LaTeX Info: Thecontrolsequence`\]'isalreadyrobust on input line 129.
\g_MT_multlinerow_int=\count109
\l_MT_multwidth_dim=\dimen116
\origjot=\skip53
\l_MT_shortvdotswithinadjustabove_dim=\dimen117
\l_MT_shortvdotswithinadjustbelow_dim=\dimen118
\l_MT_above_intertext_sep=\dimen119
\l_MT_below_intertext_sep=\dimen120
\l_MT_above_shortintertext_sep=\dimen121
\l_MT_below_shortintertext_sep=\dimen122
) (/usr/local/texlive/2018/texmf-dist/tex/latex/enumitem/enumitem.sty
Package: enumitem 2011/09/28 v3.5.2 Customized lists
\labelindent=\skip54
\enit@outerparindent=\dimen123
\enit@toks=\toks31
\enit@inbox=\box28
\enitdp@description=\count110
) (/usr/local/texlive/2018/texmf-dist/tex/latex/setspace/setspace.sty
Package: setspace 2011/12/19 v6.7a set line spacing
) (/usr/local/texlive/2018/texmf-dist/tex/latex/graphics/color.sty
Package: color 2016/07/10 v1.1e Standard LaTeX Color (DPC)
 (/usr/local/texlive/2018/texmf-dist/tex/latex/graphics-cfg/color.cfg
File: color.cfg 2016/01/02 v1.6 sample color configuration
)
Package color Info: Driver file: pdftex.def on input line 147.
) (/usr/local/texlive/2018/texmf-dist/tex/latex/listings/listings.sty
\lst@mode=\count111
\lst@gtempboxa=\box29
\lst@token=\toks32
\lst@length=\count112
\lst@currlwidth=\dimen124
\lst@column=\count113
\lst@pos=\count114
\lst@lostspace=\dimen125
\lst@width=\dimen126
\lst@newlines=\count115
\lst@lineno=\count116
\lst@maxwidth=\dimen127
 (/usr/local/texlive/2018/texmf-dist/tex/latex/listings/lstmisc.sty
File: lstmisc.sty 2015/06/04 1.6 (Carsten Heinz)
\c@lstnumber=\count117
\lst@skipnumbers=\count118
\lst@framebox=\box30
) (/usr/local/texlive/2018/texmf-dist/tex/latex/listings/listings.cfg
File: listings.cfg 2015/06/04 1.6 listings configuration
))
Package: listings 2015/06/04 1.6 (Carsten Heinz)
 (/usr/local/texlive/2018/texmf-dist/tex/latex/hyperref/hyperref.sty
Package: hyperref 2018/02/06 v6.86b Hypertext links for LaTeX
 (/usr/local/texlive/2018/texmf-dist/tex/generic/oberdiek/hobsub-hyperref.sty
Package: hobsub-hyperref 2016/05/16 v1.14 Bundle oberdiek, subset hyperref (HO)
 (/usr/local/texlive/2018/texmf-dist/tex/generic/oberdiek/hobsub-generic.sty
Package: hobsub-generic 2016/05/16 v1.14 Bundle oberdiek, subset generic (HO)
Package: hobsub 2016/05/16 v1.14 Construct package bundles (HO)
Package: infwarerr 2016/05/16 v1.4 Providing info/warning/error messages (HO)
Package: ltxcmds 2016/05/16 v1.23 LaTeX kernel commands for general use (HO)
Package: ifluatex 2016/05/16 v1.4 Provides the ifluatex switch (HO)
Package ifluatex Info: LuaTeX not detected.
Package: ifvtex 2016/05/16 v1.6 Detect VTeX and its facilities (HO)
Package ifvtex Info: VTeX not detected.
Package: intcalc 2016/05/16 v1.2 Expandable calculations with integers (HO)
Package: ifpdf 2017/03/15 v3.2 Provides the ifpdf switch
Package: etexcmds 2016/05/16 v1.6 Avoid name clashes with e-TeX commands (HO)
Package etexcmds Info: Could not find \expanded.
(etexcmds)             That can mean that you are not using pdfTeX 1.50 or
(etexcmds)             that some package has redefined \expanded.
(etexcmds)             In the latter case, load this package earlier.
Package: kvsetkeys 2016/05/16 v1.17 Key value parser (HO)
Package: kvdefinekeys 2016/05/16 v1.4 Define keys (HO)
Package: pdftexcmds 2018/01/30 v0.27 Utility functions of pdfTeX for LuaTeX (HO)
Package pdftexcmds Info: LuaTeX not detected.
Package pdftexcmds Info: \pdf@primitive is available.
Package pdftexcmds Info: \pdf@ifprimitive is available.
Package pdftexcmds Info: \pdfdraftmode found.
Package: pdfescape 2016/05/16 v1.14 Implements pdfTeX's escape features (HO)
Package: bigintcalc 2016/05/16 v1.4 Expandable calculations on big integers (HO)
Package: bitset 2016/05/16 v1.2 Handle bit-vector datatype (HO)
Package: uniquecounter 2016/05/16 v1.3 Provide unlimited unique counter (HO)
)
Package hobsub Info: Skipping package `hobsub' (already loaded).
Package: letltxmacro 2016/05/16 v1.5 Let assignment for LaTeX macros (HO)
Package: hopatch 2016/05/16 v1.3 Wrapper for package hooks (HO)
Package: xcolor-patch 2016/05/16 xcolor patch
Package: atveryend 2016/05/16 v1.9 Hooks at the very end of document (HO)
Package atveryend Info: \enddocument detected (standard20110627).
Package: atbegshi 2016/06/09 v1.18 At begin shipout hook (HO)
Package: refcount 2016/05/16 v3.5 Data extraction from label references (HO)
Package: hycolor 2016/05/16 v1.8 Color options for hyperref/bookmark (HO)
) (/usr/local/texlive/2018/texmf-dist/tex/generic/ifxetex/ifxetex.sty
Package: ifxetex 2010/09/12 v0.6 Provides ifxetex conditional
) (/usr/local/texlive/2018/texmf-dist/tex/latex/oberdiek/auxhook.sty
Package: auxhook 2016/05/16 v1.4 Hooks for auxiliary files (HO)
) (/usr/local/texlive/2018/texmf-dist/tex/latex/oberdiek/kvoptions.sty
Package: kvoptions 2016/05/16 v3.12 Key value format for package options (HO)
)
\@linkdim=\dimen128
\Hy@linkcounter=\count119
\Hy@pagecounter=\count120
 (/usr/local/texlive/2018/texmf-dist/tex/latex/hyperref/pd1enc.def
File: pd1enc.def 2018/02/06 v6.86b Hyperref: PDFDocEncoding definition (HO)
)
\Hy@SavedSpaceFactor=\count121
 (/usr/local/texlive/2018/texmf-dist/tex/latex/latexconfig/hyperref.cfg
File: hyperref.cfg 2002/06/06 v1.2 hyperref configuration of TeXLive
)
Package hyperref Info: Hyper figures OFF on input line 4509.
Package hyperref Info: Link nesting OFF on input line 4514.
Package hyperref Info: Hyper index ON on input line 4517.
Package hyperref Info: Plain pages OFF on input line 4524.
Package hyperref Info: Backreferencing OFF on input line 4529.
Package hyperref Info: Implicit mode ON; LaTeX internals redefined.
Package hyperref Info: Bookmarks ON on input line 4762.
\c@Hy@tempcnt=\count122
 (/usr/local/texlive/2018/texmf-dist/tex/latex/url/url.sty
\Urlmuskip=\muskip11
Package: url 2013/09/16  ver 3.4  Verb mode for urls, etc.
)
LaTeX Info: Redefining \url on input line 5115.
\XeTeXLinkMargin=\dimen129
\Fld@menulength=\count123
\Field@Width=\dimen130
\Fld@charsize=\dimen131
Package hyperref Info: Hyper figures OFF on input line 6369.
Package hyperref Info: Link nesting OFF on input line 6374.
Package hyperref Info: Hyper index ON on input line 6377.
Package hyperref Info: backreferencing OFF on input line 6384.
Package hyperref Info: Link coloring OFF on input line 6389.
Package hyperref Info: Link coloring with OCG OFF on input line 6394.
Package hyperref Info: PDF/A mode OFF on input line 6399.
LaTeX Info: Redefining \ref on input line 6439.
LaTeX Info: Redefining \pageref on input line 6443.
\Hy@abspage=\count124
\c@Item=\count125
\c@Hfootnote=\count126
)
Package hyperref Info: Driver (autodetected): hpdftex.
 (/usr/local/texlive/2018/texmf-dist/tex/latex/hyperref/hpdftex.def
File: hpdftex.def 2018/02/06 v6.86b Hyperref driver for pdfTeX
\Fld@listcount=\count127
\c@bookmark@seq@number=\count128
 (/usr/local/texlive/2018/texmf-dist/tex/latex/oberdiek/rerunfilecheck.sty
Package: rerunfilecheck 2016/05/16 v1.8 Rerun checks for auxiliary files (HO)
Package uniquecounter Info: New unique counter `rerunfilecheck' on input line 282.
)
\Hy@SectionHShift=\skip55
) (/Users/sarabizjak/Documents/IŠRM magistrski/Obdelava biomedicinskih signalov in slik/OBSS/Project 3/Porocilo_SaraBizjak_projekt3.aux)
\openout1 = `Porocilo_SaraBizjak_projekt3.aux'.

LaTeX Font Info:    Checking defaults for OML/cmm/m/it on input line 39.
LaTeX Font Info:    ... okay on input line 39.
LaTeX Font Info:    Checking defaults for T1/cmr/m/n on input line 39.
LaTeX Font Info:    ... okay on input line 39.
LaTeX Font Info:    Checking defaults for OT1/cmr/m/n on input line 39.
LaTeX Font Info:    ... okay on input line 39.
LaTeX Font Info:    Checking defaults for OMS/cmsy/m/n on input line 39.
LaTeX Font Info:    ... okay on input line 39.
LaTeX Font Info:    Checking defaults for OMX/cmex/m/n on input line 39.
LaTeX Font Info:    ... okay on input line 39.
LaTeX Font Info:    Checking defaults for U/cmr/m/n on input line 39.
LaTeX Font Info:    ... okay on input line 39.
LaTeX Font Info:    Checking defaults for PD1/pdf/m/n on input line 39.
LaTeX Font Info:    ... okay on input line 39.
LaTeX Font Info:    Try loading font information for T1+lmr on input line 39.
 (/usr/local/texlive/2018/texmf-dist/tex/latex/lm/t1lmr.fd
File: t1lmr.fd 2009/10/30 v1.6 Font defs for Latin Modern
) (/usr/local/texlive/2018/texmf-dist/tex/latex/ucs/ucsencs.def
File: ucsencs.def 2011/01/21 Fixes to fontencodings LGR, T3
) (/usr/local/texlive/2018/texmf-dist/tex/context/base/mkii/supp-pdf.mkii
[Loading MPS to PDF converter (version 2006.09.02).]
\scratchcounter=\count129
\scratchdimen=\dimen132
\scratchbox=\box31
\nofMPsegments=\count130
\nofMParguments=\count131
\everyMPshowfont=\toks33
\MPscratchCnt=\count132
\MPscratchDim=\dimen133
\MPnumerator=\count133
\makeMPintoPDFobject=\count134
\everyMPtoPDFconversion=\toks34
) (/usr/local/texlive/2018/texmf-dist/tex/latex/oberdiek/epstopdf-base.sty
Package: epstopdf-base 2016/05/15 v2.6 Base part for package epstopdf
 (/usr/local/texlive/2018/texmf-dist/tex/latex/oberdiek/grfext.sty
Package: grfext 2016/05/16 v1.2 Manage graphics extensions (HO)
)
Package epstopdf-base Info: Redefining graphics rule for `.eps' on input line 438.
Package grfext Info: Graphics extension search list:
(grfext)             [.pdf,.png,.jpg,.mps,.jpeg,.jbig2,.jb2,.PDF,.PNG,.JPG,.JPEG,.JBIG2,.JB2,.eps]
(grfext)             \AppendGraphicsExtensions on input line 456.
 (/usr/local/texlive/2018/texmf-dist/tex/latex/latexconfig/epstopdf-sys.cfg
File: epstopdf-sys.cfg 2010/07/13 v1.3 Configuration of (r)epstopdf for TeX Live
))
\c@lstlisting=\count135
\AtBeginShipoutBox=\box32
Package hyperref Info: Link coloring OFF on input line 39.
 (/usr/local/texlive/2018/texmf-dist/tex/latex/hyperref/nameref.sty
Package: nameref 2016/05/21 v2.44 Cross-referencing by name of section
 (/usr/local/texlive/2018/texmf-dist/tex/generic/oberdiek/gettitlestring.sty
Package: gettitlestring 2016/05/16 v1.5 Cleanup title references (HO)
)
\c@section@level=\count136
)
LaTeX Info: Redefining \ref on input line 39.
LaTeX Info: Redefining \pageref on input line 39.
LaTeX Info: Redefining \nameref on input line 39.
 (/Users/sarabizjak/Documents/IŠRM magistrski/Obdelava biomedicinskih signalov in slik/OBSS/Project 3/Porocilo_SaraBizjak_projekt3.out) (/Users/sarabizjak/Documents/IŠRM magistrski/Obdelava biomedicinskih signalov in slik/OBSS/Project 3/Porocilo_SaraBizjak_projekt3.out)
\@outlinefile=\write3
\openout3 = `Porocilo_SaraBizjak_projekt3.out'.

LaTeX Font Info:    Try loading font information for OT1+anttlm on input line 42.
 (/usr/local/texlive/2018/texmf-dist/tex/latex/antt/ot1anttlm.fd
File: ot1anttlm.fd 2005/10/05 v1.2 font definition file for OT1/anttlm (MW)
)
LaTeX Font Info:    Try loading font information for OML+anttl on input line 42.
 (/usr/local/texlive/2018/texmf-dist/tex/latex/antt/omlanttl.fd
File: omlanttl.fd 2005/10/05 v1.2 font definition file for OML/anttl (MW)
)
LaTeX Font Info:    Try loading font information for OMS+anttl on input line 42.
 (/usr/local/texlive/2018/texmf-dist/tex/latex/antt/omsanttl.fd
File: omsanttl.fd 2005/10/05 v1.2 font definition file for OMS/anttl (MW)
)
LaTeX Font Info:    Try loading font information for OMX+anttl on input line 42.
 (/usr/local/texlive/2018/texmf-dist/tex/latex/antt/omxanttl.fd
File: omxanttl.fd 2005/10/05 v1.2 font definition file for OMX/anttl (MW)
)
LaTeX Font Info:    Try loading font information for U+msa on input line 42.
 (/usr/local/texlive/2018/texmf-dist/tex/latex/amsfonts/umsa.fd
File: umsa.fd 2013/01/14 v3.01 AMS symbols A
)
LaTeX Font Info:    Try loading font information for U+msb on input line 42.
 (/usr/local/texlive/2018/texmf-dist/tex/latex/amsfonts/umsb.fd
File: umsb.fd 2013/01/14 v3.01 AMS symbols B
) (/usr/local/texlive/2018/texmf-dist/tex/latex/ucs/data/uni-0.def
File: uni-0.def 2013/05/13 UCS: Unicode data U+0000..U+00FF
) [1

{/usr/local/texlive/2018/texmf-var/fonts/map/pdftex/updmap/pdftex.map}]
<gaussian_filter.png, id=52, 438.13687pt x 330.73563pt>
File: gaussian_filter.png Graphic file (type png)
<use gaussian_filter.png>
Package pdftex.def Info: gaussian_filter.png  used on input line 87.
(pdftex.def)             Requested size: 341.43306pt x 257.74059pt.

Underfull \hbox (badness 10000) in paragraph at lines 84--102

 []


Underfull \hbox (badness 10000) in paragraph at lines 122--124

 []


Underfull \hbox (badness 10000) in paragraph at lines 132--134

 []


Underfull \hbox (badness 10000) in paragraph at lines 107--135

 []

[2 </Users/sarabizjak/Documents/IŠRM magistrski/Obdelava biomedicinskih signalov in slik/OBSS/Project 3/gaussian_filter.png>]
Underfull \hbox (badness 10000) in paragraph at lines 149--151

 []


Underfull \hbox (badness 10000) in paragraph at lines 160--162

 []


Underfull \hbox (badness 10000) in paragraph at lines 179--181

 []


Underfull \hbox (badness 10000) in paragraph at lines 190--192

 []

LaTeX Font Info:    Try loading font information for OMS+lmr on input line 198.
(/usr/local/texlive/2018/texmf-dist/tex/latex/lm/omslmr.fd
File: omslmr.fd 2009/10/30 v1.6 Font defs for Latin Modern
)
LaTeX Font Info:    Try loading font information for OMS+lmsy on input line 198.
 (/usr/local/texlive/2018/texmf-dist/tex/latex/lm/omslmsy.fd
File: omslmsy.fd 2009/10/30 v1.6 Font defs for Latin Modern
)
LaTeX Font Info:    Font shape `OMS/lmr/m/n' in size <10.95> not available
(Font)              Font shape `OMS/lmsy/m/n' tried instead on input line 198.

Underfull \hbox (badness 10000) in paragraph at lines 202--214

 []

[3]
<original.png, id=71, 730.73pt x 644.4075pt>
File: original.png Graphic file (type png)
<use original.png>
Package pdftex.def Info: original.png  used on input line 240.
(pdftex.def)             Requested size: 227.62204pt x 200.72787pt.

Overfull \hbox (1.13809pt too wide) in paragraph at lines 240--241
 [][] 
 []

<gauss.png, id=72, 730.73pt x 644.4075pt>
File: gauss.png Graphic file (type png)
<use gauss.png>
Package pdftex.def Info: gauss.png  used on input line 245.
(pdftex.def)             Requested size: 227.62204pt x 200.72787pt.

Overfull \hbox (1.13809pt too wide) in paragraph at lines 245--246
 [][] 
 []

<gx.png, id=73, 730.73pt x 644.4075pt>
File: gx.png Graphic file (type png)
<use gx.png>
Package pdftex.def Info: gx.png  used on input line 253.
(pdftex.def)             Requested size: 170.71652pt x 150.55083pt.
<gy.png, id=74, 730.73pt x 644.4075pt>
File: gy.png Graphic file (type png)
<use gy.png>
Package pdftex.def Info: gy.png  used on input line 258.
(pdftex.def)             Requested size: 170.71652pt x 150.55083pt.
<magnitude.png, id=75, 730.73pt x 644.4075pt>
File: magnitude.png Graphic file (type png)
<use magnitude.png>
Package pdftex.def Info: magnitude.png  used on input line 266.
(pdftex.def)             Requested size: 227.62204pt x 200.72787pt.

Overfull \hbox (1.13809pt too wide) in paragraph at lines 266--267
 [][] 
 []

<angle.png, id=76, 730.73pt x 644.4075pt>
File: angle.png Graphic file (type png)
<use angle.png>
Package pdftex.def Info: angle.png  used on input line 271.
(pdftex.def)             Requested size: 227.62204pt x 200.72787pt.

Overfull \hbox (1.13809pt too wide) in paragraph at lines 271--272
 [][] 
 []

<canny_edge.png, id=77, 513.92pt x 513.92pt>
File: canny_edge.png Graphic file (type png)
<use canny_edge.png>
Package pdftex.def Info: canny_edge.png  used on input line 278.
(pdftex.def)             Requested size: 256.0748pt x 256.07324pt.
[4 </Users/sarabizjak/Documents/IŠRM magistrski/Obdelava biomedicinskih signalov in slik/OBSS/Project 3/original.png (PNG copy)> </Users/sarabizjak/Documents/IŠRM magistrski/Obdelava biomedicinskih signalov in slik/OBSS/Project 3/gauss.png (PNG copy)> </Users/sarabizjak/Documents/IŠRM magistrski/Obdelava biomedicinskih signalov in slik/OBSS/Project 3/gx.png (PNG copy)> </Users/sarabizjak/Documents/IŠRM magistrski/Obdelava biomedicinskih signalov in slik/OBSS/Project 3/gy.png (PNG copy)>]
<0090_poisson.png, id=87, 513.92pt x 513.92pt>
File: 0090_poisson.png Graphic file (type png)
<use 0090_poisson.png>
Package pdftex.def Info: 0090_poisson.png  used on input line 295.
(pdftex.def)             Requested size: 256.0748pt x 256.07324pt.
 [5 </Users/sarabizjak/Documents/IŠRM magistrski/Obdelava biomedicinskih signalov in slik/OBSS/Project 3/magnitude.png (PNG copy)> </Users/sarabizjak/Documents/IŠRM magistrski/Obdelava biomedicinskih signalov in slik/OBSS/Project 3/angle.png (PNG copy)> </Users/sarabizjak/Documents/IŠRM magistrski/Obdelava biomedicinskih signalov in slik/OBSS/Project 3/canny_edge.png (PNG copy)>]
<0001.png, id=96, 513.92pt x 513.92pt>
File: 0001.png Graphic file (type png)
<use 0001.png>
Package pdftex.def Info: 0001.png  used on input line 306.
(pdftex.def)             Requested size: 156.49014pt x 156.49051pt.
<0001_poisson.png, id=97, 513.92pt x 513.92pt>
File: 0001_poisson.png Graphic file (type png)
<use 0001_poisson.png>
Package pdftex.def Info: 0001_poisson.png  used on input line 311.
(pdftex.def)             Requested size: 156.49014pt x 156.49051pt.
<0005.png, id=98, 513.92pt x 513.92pt>
File: 0005.png Graphic file (type png)
<use 0005.png>
Package pdftex.def Info: 0005.png  used on input line 320.
(pdftex.def)             Requested size: 156.49014pt x 156.49051pt.
<0005_canny.png, id=99, 513.92pt x 513.92pt>
File: 0005_canny.png Graphic file (type png)
<use 0005_canny.png>
Package pdftex.def Info: 0005_canny.png  used on input line 325.
(pdftex.def)             Requested size: 156.49014pt x 156.49051pt.
<0015.png, id=100, 513.92pt x 513.92pt>
File: 0015.png Graphic file (type png)
<use 0015.png>
Package pdftex.def Info: 0015.png  used on input line 334.
(pdftex.def)             Requested size: 156.49014pt x 156.49051pt.
<0015_poisson.png, id=101, 513.92pt x 513.92pt>
File: 0015_poisson.png Graphic file (type png)
<use 0015_poisson.png>
Package pdftex.def Info: 0015_poisson.png  used on input line 339.
(pdftex.def)             Requested size: 156.49014pt x 156.49051pt.
<0020.png, id=102, 513.92pt x 513.92pt>
File: 0020.png Graphic file (type png)
<use 0020.png>
Package pdftex.def Info: 0020.png  used on input line 348.
(pdftex.def)             Requested size: 156.49014pt x 156.49051pt.
<0020_canny.png, id=103, 513.92pt x 513.92pt>
File: 0020_canny.png Graphic file (type png)
<use 0020_canny.png>
Package pdftex.def Info: 0020_canny.png  used on input line 353.
(pdftex.def)             Requested size: 156.49014pt x 156.49051pt.
 [6 </Users/sarabizjak/Documents/IŠRM magistrski/Obdelava biomedicinskih signalov in slik/OBSS/Project 3/0090_poisson.png (PNG copy)> </Users/sarabizjak/Documents/IŠRM magistrski/Obdelava biomedicinskih signalov in slik/OBSS/Project 3/0001.png (PNG copy)> </Users/sarabizjak/Documents/IŠRM magistrski/Obdelava biomedicinskih signalov in slik/OBSS/Project 3/0001_poisson.png (PNG copy)>] [7 </Users/sarabizjak/Documents/IŠRM magistrski/Obdelava biomedicinskih signalov in slik/OBSS/Project 3/0005.png (PNG copy)> </Users/sarabizjak/Documents/IŠRM magistrski/Obdelava biomedicinskih signalov in slik/OBSS/Project 3/0005_canny.png (PNG copy)> </Users/sarabizjak/Documents/IŠRM magistrski/Obdelava biomedicinskih signalov in slik/OBSS/Project 3/0015.png (PNG copy)> </Users/sarabizjak/Documents/IŠRM magistrski/Obdelava biomedicinskih signalov in slik/OBSS/Project 3/0015_poisson.png (PNG copy)> </Users/sarabizjak/Documents/IŠRM magistrski/Obdelava biomedicinskih signalov in slik/OBSS/Project 3/0020.png (PNG copy)> </Users/sarabizjak/Documents/IŠRM magistrski/Obdelava biomedicinskih signalov in slik/OBSS/Project 3/0020_canny.png (PNG copy)>]
<0080.png, id=122, 513.92pt x 513.92pt>
File: 0080.png Graphic file (type png)
<use 0080.png>
Package pdftex.def Info: 0080.png  used on input line 363.
(pdftex.def)             Requested size: 156.49014pt x 156.49051pt.
<0080_poisson.png, id=123, 513.92pt x 513.92pt>
File: 0080_poisson.png Graphic file (type png)
<use 0080_poisson.png>
Package pdftex.def Info: 0080_poisson.png  used on input line 368.
(pdftex.def)             Requested size: 156.49014pt x 156.49051pt.
LaTeX Font Info:    Try loading font information for T1+lmtt on input line 389.
 (/usr/local/texlive/2018/texmf-dist/tex/latex/lm/t1lmtt.fd
File: t1lmtt.fd 2009/10/30 v1.6 Font defs for Latin Modern
)
Package atveryend Info: Empty hook `BeforeClearDocument' on input line 397.
 [8 </Users/sarabizjak/Documents/IŠRM magistrski/Obdelava biomedicinskih signalov in slik/OBSS/Project 3/0080.png (PNG copy)> </Users/sarabizjak/Documents/IŠRM magistrski/Obdelava biomedicinskih signalov in slik/OBSS/Project 3/0080_poisson.png (PNG copy)>]
Package atveryend Info: Empty hook `AfterLastShipout' on input line 397.
 (/Users/sarabizjak/Documents/IŠRM magistrski/Obdelava biomedicinskih signalov in slik/OBSS/Project 3/Porocilo_SaraBizjak_projekt3.aux)
Package atveryend Info: Executing hook `AtVeryEndDocument' on input line 397.
Package atveryend Info: Executing hook `AtEndAfterFileList' on input line 397.
Package rerunfilecheck Info: File `Porocilo_SaraBizjak_projekt3.out' has not changed.
(rerunfilecheck)             Checksum: 42197C618257FA3EBAA37031E456D1A3;415.
Package atveryend Info: Empty hook `AtVeryVeryEnd' on input line 397.
 ) 
Here is how much of TeX's memory you used:
 9694 strings out of 492649
 143118 string characters out of 6129623
 236640 words of memory out of 5000000
 13354 multiletter control sequences out of 15000+600000
 64420 words of font info for 52 fonts, out of 8000000 for 9000
 1141 hyphenation exceptions out of 8191
 28i,9n,32p,431b,510s stack positions out of 5000i,500n,10000p,200000b,80000s
{/usr/local/texlive/2018/texmf-dist/fonts/enc/dvips/lm/lm-ec.enc}{/usr/local/texlive/2018/texmf-dist/fonts/enc/dvips/lm/lm-mathsy.enc}{/usr/local/texlive/2018/texmf-dist/fonts/enc/dvips/antt/antt-ex.enc}{/usr/local/texlive/2018/texmf-dist/fonts/enc/dvips/antt/antt-sy.enc}{/usr/local/texlive/2018/texmf-dist/fonts/enc/dvips/antt/antt-rm.enc}{/usr/local/texlive/2018/texmf-dist/fonts/enc/dvips/antt/antt-mi.enc}</usr/local/texlive/2018/texmf-dist/fonts/type1/public/antt/anttl.pfb></usr/local/texlive/2018/texmf-dist/fonts/type1/public/antt/anttli.pfb></usr/local/texlive/2018/texmf-dist/fonts/type1/public/lm/lmb10.pfb></usr/local/texlive/2018/texmf-dist/fonts/type1/public/lm/lmr10.pfb></usr/local/texlive/2018/texmf-dist/fonts/type1/public/lm/lmr12.pfb></usr/local/texlive/2018/texmf-dist/fonts/type1/public/lm/lmr17.pfb></usr/local/texlive/2018/texmf-dist/fonts/type1/public/lm/lmri10.pfb></usr/local/texlive/2018/texmf-dist/fonts/type1/public/lm/lmsy10.pfb></usr/local/texlive/2018/texmf-dist/fonts/type1/public/lm/lmtt10.pfb>
Output written on "/Users/sarabizjak/Documents/IŠRM magistrski/Obdelava biomedicinskih signalov in slik/OBSS/Project 3/Porocilo_SaraBizjak_projekt3.pdf" (8 pages, 1794628 bytes).
PDF statistics:
 188 PDF objects out of 1000 (max. 8388607)
 147 compressed objects within 2 object streams
 44 named destinations out of 1000 (max. 500000)
 160 words of extra memory for PDF output out of 10000 (max. 10000000)

